<?xml version="1.0" encoding="UTF-8"?>
<testsuite name="PrintTest" tests="1" skipped="0" failures="0" errors="0" timestamp="2022-04-02T05:35:37" hostname="iyeonghan-ui-MacBook-Pro.local" time="0.035">
  <properties/>
  <testcase name="print()" classname="PrintTest" time="0.035"/>
  <system-out><![CDATA[]]></system-out>
  <system-err><![CDATA[]]></system-err>
</testsuite>
